









 Search parameters (10-fold validation):
 {'gamma': 1.7437253916035398, 'booster': 'gbtree', 'max_depth': 5, 'eta': 0.1, 'objective': 'reg:linear', 'silent': True, 'subsample': 0.39080096025145467, 'colsample_bytree': 0.94287986749476427, 'min_child_weight': 9.640097474044822, 'max_delta_step': 2, 'seed': 101, 'updater': 'grow_gpu'}


 Search parameters (10-fold validation):
 {'gamma': 0.5833543508501069, 'booster': 'gbtree', 'max_depth': 11, 'eta': 0.1, 'objective': 'reg:linear', 'silent': True, 'subsample': 0.66096712113353573, 'colsample_bytree': 0.59906322186637606, 'min_child_weight': 8.2533329098529453, 'max_delta_step': 0, 'seed': 101, 'updater': 'grow_gpu'}




 Search parameters (10-fold validation):
 {'gamma': 0.0017286740451219449, 'booster': 'gbtree', 'max_depth': 5, 'eta': 0.1, 'objective': 'reg:linear', 'silent': True, 'subsample': 0.28027967340358095, 'colsample_bytree': 0.33699019539311381, 'min_child_weight': 1.2354003777962637, 'max_delta_step': 0, 'seed': 101, 'updater': 'grow_gpu'}
     test-mae-mean  test-mae-std  train-mae-mean  train-mae-std
0    174640.929688    211.881476   174646.042187      43.594036
1    157172.920313    194.498939   157180.062500      36.220234
2    141481.014063    181.944117   141479.779688      32.672765
3    127429.998438    184.846263   127424.446094      34.726097
4    115016.463281    198.615161   115014.011719      87.263333
5    104241.753125    235.796401   104233.186719     145.361023
6     94929.416406    276.786164    94918.746875     210.525146
7     86859.098437    283.108070    86854.575000     283.259141
8     79925.985156    329.212124    79919.858594     353.083246
9     73941.482031    410.257630    73926.210938     426.896701
10    68860.661719    427.397376    68840.707812     446.904879
11    64463.328906    383.878213    64438.238672     413.967952
12    60768.572266    555.361900    60740.366797     546.816751
13    57430.599609    612.322600    57396.769922     573.581739
14    54876.278516    850.538703    54837.375000     824.074690
15    52618.528125   1045.049264    52572.490625     994.381879
16    50645.448438   1063.337999    50599.466016    1016.158997
17    48981.997266   1091.287719    48931.170703    1042.799648
18    47913.626172   1219.936211    47872.178906    1193.159008
19    46830.847656   1260.274552    46779.380469    1234.608928
20    45688.196875   1240.587719    45639.189062    1197.731148
21    44594.644141   1267.890644    44543.305078    1237.232630
22    43752.671484   1115.390041    43696.385547    1105.617976
23    42929.046875   1100.881179    42871.105078    1083.510195
24    42390.763672   1137.850946    42329.189844    1135.702441
25    41955.617969   1187.402142    41892.844141    1197.865649
26    41442.271484   1205.202581    41378.865234    1213.409236
27    41036.035547   1094.377844    40968.565625    1113.335196
28    40600.086328   1091.600297    40532.385547    1085.896160
29    40162.593359   1015.607252    40089.642578    1011.574737
..             ...           ...             ...            ...
76    33026.228125    534.033669    32872.769727     495.283857
77    32976.777539    507.458041    32824.256640     479.497182
78    32916.357227    492.618279    32761.627930     466.687349
79    32866.508203    491.202184    32708.804883     469.353402
80    32839.610352    425.109563    32671.435547     412.319719
81    32837.887305    460.095311    32658.709766     451.163591
82    32796.981250    461.551072    32621.265039     430.949366
83    32740.689453    456.192540    32566.007227     427.515779
84    32685.108203    455.724890    32509.242773     423.337876
85    32626.964648    438.412666    32449.447461     406.564701
86    32580.540430    437.524595    32402.427539     408.347361
87    32513.846484    433.253428    32334.206641     401.322897
88    32467.008594    405.968058    32286.270898     371.318288
89    32420.728125    404.786050    32238.733008     371.491913
90    32368.231250    405.109633    32187.176563     368.091993
91    32319.269922    389.219013    32136.806055     350.908547
92    32260.851953    375.770474    32080.221484     337.982525
93    32217.863672    370.300535    32035.260742     332.694561
94    32183.244727    346.401594    32002.676367     307.363328
95    32142.455078    346.372420    31961.297070     308.175078
96    32104.030469    339.315050    31923.848438     306.004624
97    32086.825000    327.376826    31904.431445     300.808151
98    32054.940820    340.518399    31868.377344     305.209263
99    32013.323828    337.067850    31826.340039     302.711526
100   31978.286328    340.514434    31790.414453     303.823503
101   31938.851367    312.860735    31749.190039     279.362906
102   31941.584180    347.177183    31756.916211     323.905796
103   31906.002344    338.617724    31720.391211     318.423455
104   31911.641797    324.523563    31726.363672     286.484929
105   31868.151953    314.171837    31682.766797     280.038622

[106 rows x 4 columns]

 Search parameters (10-fold validation):
 {'gamma': 0.0013677807785976775, 'booster': 'gbtree', 'max_depth': 4, 'eta': 0.1, 'objective': 'reg:linear', 'silent': True, 'subsample': 0.38659291323883588, 'colsample_bytree': 0.28681000400121054, 'min_child_weight': 1.7813938928714412, 'max_delta_step': 0, 'seed': 101, 'updater': 'grow_gpu'}
     test-mae-mean  test-mae-std  train-mae-mean  train-mae-std
0    174633.048437    212.050193   174636.248438      33.288330
1    157151.560938    236.316750   157161.134375      20.899774
2    141442.476562    214.065397   141448.920313      20.023539
3    127415.576563    166.877343   127416.127344      56.562880
4    115176.434375    150.668432   115174.680469     125.584257
5    104605.293750    223.215655   104613.033594     249.409113
6     95455.934375    339.109474    95464.524219     378.651693
7     87677.822656    442.955440    87681.346875     481.839471
8     80925.157031    553.659014    80923.858594     584.757202
9     75264.221094    663.254876    75261.075781     697.579340
10    70389.720312    705.360544    70386.567188     724.584656
11    66148.510156    796.975590    66144.649609     784.737677
12    62561.341015    828.260780    62557.613672     823.941112
13    59524.170703   1012.769775    59514.153907    1021.071904
14    56862.002734   1106.445537    56844.344141    1116.037749
15    54808.790625   1202.103679    54785.057422    1204.958912
16    53004.748437   1140.417798    52974.605859    1117.307916
17    51511.391016   1272.902061    51479.920312    1251.328212
18    50251.680860   1348.695383    50224.046094    1332.311697
19    48880.064844   1167.294054    48849.464453    1142.605268
20    47915.280859   1083.937229    47880.919141    1034.170890
21    47141.919531   1112.675580    47109.002344    1086.413231
22    46224.592969    998.805437    46190.132031     969.208249
23    45574.339844    974.533186    45540.294531     958.569622
24    44781.577344    896.209843    44745.433203     847.408990
25    44360.849610    930.124643    44320.044141     856.967614
26    43977.724610    963.495305    43935.145313     884.631785
27    43723.750391   1100.605109    43687.181250    1048.061268
28    43362.514062   1212.775477    43341.621484    1207.616381
29    42870.901953   1218.375277    42844.009375    1229.610477
..             ...           ...             ...            ...
75    35555.469922   1203.550304    35487.973047    1209.862550
76    35702.080859   1326.022712    35644.530469    1326.085720
77    35629.322266   1298.298120    35571.035156    1298.761711
78    35558.157031   1273.984140    35493.838672    1275.118328
79    35492.253516   1244.919029    35427.955859    1244.285983
80    35482.206250   1248.566076    35413.198047    1231.595590
81    35412.995313   1233.429993    35345.392969    1213.275097
82    35312.938281   1204.344013    35242.896875    1183.444284
83    35311.729688   1117.686338    35242.101172    1094.425197
84    35307.854297   1156.989970    35238.124609    1131.219930
85    35249.509375   1135.428020    35181.903906    1107.274665
86    35722.109766   2261.592357    35691.561328    2342.844514
87    35639.795703   2285.222744    35607.942578    2366.302096
88    35604.162890   2251.164081    35582.310547    2329.283508
89    35535.397656   2268.692235    35514.427734    2347.376300
90    35500.682813   2276.684256    35482.918359    2358.424301
91    35447.362109   2267.348344    35430.686719    2349.062366
92    35374.700781   2270.096443    35364.061719    2347.406722
93    35262.100390   2139.266538    35245.548828    2203.905593
94    35202.961328   2149.001845    35185.192578    2210.657439
95    35162.060937   2141.633722    35142.687109    2202.713647
96    35137.549219   2141.773012    35111.380859    2188.603730
97    35035.262109   2009.258551    35003.853125    2044.876930
98    34982.388672   2026.819986    34950.553516    2059.217414
99    34889.916406   1899.345913    34854.009766    1922.465694
100   34821.551953   1893.167326    34782.258594    1911.759986
101   34776.041797   1902.911190    34735.647266    1921.149117
102   34726.316797   1886.692310    34682.753516    1902.148008
103   34672.152734   1871.735514    34626.120703    1883.032969
104   34627.509766   1888.374357    34579.997656    1900.641199

[105 rows x 4 columns]

 Search parameters (10-fold validation):
 {'gamma': 0.0017782377652870427, 'booster': 'gbtree', 'max_depth': 4, 'eta': 0.1, 'objective': 'reg:linear', 'silent': True, 'subsample': 0.32518389423670713, 'colsample_bytree': 0.33646953899995502, 'min_child_weight': 1.7387530453602822, 'max_delta_step': 0, 'seed': 101, 'updater': 'grow_gpu'}
    test-mae-mean  test-mae-std  train-mae-mean  train-mae-std
0   174629.876562    200.593703   174631.431250      35.201812
1   157158.221875    174.415616   157163.365625      38.913995
2   141465.023438    163.298528   141465.189062      38.686616
3   127417.436719    160.710291   127415.853125      25.208714
4   115036.881250    157.669880   115041.692187      63.224956
5   104335.575000    192.563934   104340.561719     155.452004
6    95102.312500    320.843907    95108.370313     300.662084
7    87079.676563    378.359933    87081.610156     358.203835
8    80192.906250    500.824747    80191.238281     488.625210
9    74260.169531    487.372234    74256.740625     473.894648
10   69112.029688    456.040112    69100.368750     466.422793
11   64822.800000    491.816335    64805.886719     500.881201
12   61272.939453    664.786749    61250.169922     694.579882
13   58167.369922    643.963557    58140.251172     681.888437
14   55551.316406    763.517427    55527.116797     828.065440
15   53424.164844    833.388857    53388.412109     881.563009
16   51629.823047    886.796705    51592.739844     948.815109
17   50083.994141    933.025037    50046.228515     982.276333
18   48770.910547   1149.248219    48732.059375    1214.552542
19   47832.516016   1185.312206    47790.766406    1238.778421
20   46737.369531   1170.696811    46696.466797    1229.062926
21   45752.780078   1005.101194    45712.296875    1065.131233
22   45109.640625   1090.530253    45071.646484    1164.418634
23   44470.650391   1081.069976    44426.481641    1165.106231
24   43905.457422   1111.671941    43861.605859    1194.223916
25   43317.802344   1038.919296    43272.286719    1130.903410
26   42684.461719    958.022740    42638.398047    1038.635794
27   42243.047656    958.730172    42200.043359    1049.975496
28   41781.260547    873.101265    41734.995703     963.584498
29   41392.706250    871.313612    41347.262500     960.478438
..            ...           ...             ...            ...
59   35648.316406    787.774811    35598.039453     868.289873
60   35561.517969    754.767216    35507.600390     833.075322
61   35436.523438    748.406862    35382.169531     820.301772
62   35335.757031    718.161226    35281.017188     793.613018
63   35250.145703    716.685019    35194.398828     790.969528
64   35166.426953    728.108455    35111.408984     799.938088
65   35089.152734    694.077310    35031.025391     762.470776
66   35015.360938    692.030597    34956.098437     758.609079
67   34945.715625    683.791508    34883.150000     749.988090
68   34914.788281    697.813777    34854.834375     757.203023
69   35086.354297    800.458045    35012.132031     810.683050
70   34998.384375    792.483187    34925.251172     811.631327
71   35098.837891    964.511067    35025.516016     957.204644
72   35079.155078    924.237015    35012.147266     904.397708
73   34973.108984    843.438824    34904.805078     830.288225
74   34904.917969    832.918474    34838.892969     819.509075
75   34853.125000    820.677207    34786.790625     808.602369
76   34794.728906    841.738115    34727.007031     830.998223
77   34716.775781    823.447104    34648.635156     808.603928
78   34739.849609    827.374781    34669.029297     790.730119
79   34674.128906    814.460230    34601.468750     780.042647
80   34586.412891    760.937625    34517.730469     722.864242
81   34531.040234    757.538390    34462.063281     718.537434
82   34474.294141    766.160450    34405.719922     730.089221
83   34398.281250    757.903083    34329.324219     715.507865
84   34337.189453    753.471701    34268.158203     713.331498
85   34267.790234    750.869838    34196.972266     709.101935
86   34331.714844    841.772200    34252.730469     789.548982
87   34273.776172    840.552474    34194.018750     785.286762
88   34203.865235    814.437262    34131.260156     754.972187

[89 rows x 4 columns]

 Search parameters (10-fold validation):
 {'gamma': 0.0018793200006271447, 'booster': 'gbtree', 'max_depth': 5, 'eta': 0.1, 'objective': 'reg:linear', 'silent': True, 'subsample': 0.23286204037708155, 'colsample_bytree': 0.39731121977439421, 'min_child_weight': 1.9878959939556975, 'max_delta_step': 0, 'seed': 101, 'updater': 'grow_gpu'}
     test-mae-mean  test-mae-std  train-mae-mean  train-mae-std
0    174643.987500    207.841140   174646.667187      47.862095
1    157180.354687    185.084439   157173.151562      80.709427
2    141483.139063    168.177970   141478.801563      69.809164
3    127440.732031    186.773551   127432.114062     102.600727
4    115025.564844    178.164998   115016.810156     134.701255
5    104131.814062    144.068025   104125.575781     182.722975
6     94724.832812    211.593347    94721.846094     257.856714
7     86588.854687    208.810032    86582.535937     288.982318
8     79565.890625    307.410195    79553.141406     390.933525
9     73398.871094    413.242891    73383.035156     498.523334
10    68122.200000    410.506654    68106.048437     461.537484
11    63608.812891    481.742121    63583.485547     496.727309
12    59799.441797    465.847948    59769.249609     470.482605
13    56537.010156    503.305841    56499.584375     487.763664
14    53758.917187    679.339993    53720.103515     673.506356
15    51529.071875    738.564873    51482.749219     743.003173
16    49476.259765    665.584916    49423.996094     658.878499
17    47759.707813    633.490598    47704.207422     589.272164
18    46284.735937    516.112339    46228.223047     487.257346
19    45077.917578    522.276938    45017.345312     487.726245
20    43976.141406    439.792740    43913.285156     442.087359
21    43268.696484    529.219350    43197.719141     542.486157
22    42399.266797    454.436138    42323.008203     441.281942
23    41639.121093    522.315898    41565.310547     507.883200
24    40991.858594    673.071024    40907.145703     627.469070
25    40449.250781    779.892122    40360.431250     734.716642
26    39917.914062    852.557151    39825.288672     808.868090
27    39453.087891    894.056031    39359.992969     879.699621
28    39006.275391    837.169853    38913.265234     832.610769
29    38679.904297    728.814408    38588.804688     732.904562
..             ...           ...             ...            ...
171   30995.267774   1708.597946    30745.812500    1689.186159
172   31011.563281   1794.052495    30760.345117    1775.703152
173   31000.215430   1798.882978    30748.239453    1778.484386
174   30977.781641   1787.751304    30726.457617    1768.794673
175   30994.638867   1800.097899    30737.744727    1780.797117
176   31005.710156   1784.132152    30747.495312    1765.378036
177   30989.191797   1768.826916    30729.703125    1748.687500
178   30952.950977   1718.581021    30691.782227    1698.008750
179   30924.932031   1665.028315    30663.397266    1642.465935
180   30970.402539   1647.902972    30716.173242    1627.246476
181   30942.203906   1608.044179    30686.908203    1588.597709
182   30914.991602   1606.092115    30660.367578    1586.813353
183   30899.749414   1596.215587    30642.809180    1575.969783
184   30881.616797   1594.708050    30624.400976    1576.181644
185   30861.694336   1592.142628    30603.479492    1572.762571
186   30844.843555   1586.170803    30585.926367    1563.211769
187   30816.885937   1551.623182    30557.822656    1529.553406
188   30786.113867   1515.272789    30527.016016    1491.214293
189   30836.950391   1557.479146    30567.159180    1526.828369
190   30806.535937   1500.017339    30536.378515    1466.384435
191   30782.856445   1485.121525    30513.528320    1453.863814
192   30764.727149   1475.586315    30494.800781    1446.373713
193   30740.299609   1447.390534    30470.822070    1420.587492
194   30737.083789   1482.078998    30478.711914    1482.201408
195   30748.261914   1544.800305    30480.333203    1523.361902
196   30730.160156   1526.916645    30460.965234    1502.848731
197   30737.404297   1496.369686    30462.575586    1471.356479
198   30718.069141   1463.799177    30443.996680    1440.483825
199   30722.983399   1454.935251    30449.262891    1433.038409
200   30711.622656   1437.062061    30435.418750    1417.690811

[201 rows x 4 columns]

 Search parameters (10-fold validation):
 {'gamma': 0.0040733574158443864, 'booster': 'gbtree', 'max_depth': 5, 'eta': 0.1, 'objective': 'reg:linear', 'silent': True, 'subsample': 0.25496243393182394, 'colsample_bytree': 0.36687341603923251, 'min_child_weight': 1.891871510831143, 'max_delta_step': 0, 'seed': 101, 'updater': 'grow_gpu'}
    test-mae-mean  test-mae-std  train-mae-mean  train-mae-std
0   174642.640625    196.297681   174643.476562      50.486857
1   157177.092188    175.556374   157180.406250      45.825573
2   141477.203125    161.312688   141473.604687      47.102801
3   127417.022656    157.323008   127411.258594      47.656748
4   115015.191406    190.928306   115010.814844      96.347422
5   104236.647656    223.483060   104227.434375     149.220374
6    94924.199219    260.790671    94912.164844     212.028033
7    86869.362500    276.754922    86860.468750     294.307284
8    79952.240625    331.846090    79940.393750     368.405786
9    73969.393750    414.499114    73948.418750     439.648114
10   68890.304687    433.624486    68864.238281     453.777644
11   64485.459766    369.588097    64451.222656     403.953260
12   60788.442578    544.505464    60751.656641     530.090870
13   57452.331641    604.210405    57411.921875     560.575781
14   54907.551562    857.636535    54864.675781     828.538084
15   52644.700000   1042.282745    52598.658984     990.168761
16   50668.712891   1074.076916    50623.212500    1021.792703
17   48991.872656   1111.401458    48945.140234    1052.304003
18   47923.505078   1230.186890    47887.043359    1193.221462
19   46853.183203   1271.050543    46806.588672    1235.723795
20   45715.869140   1283.488071    45669.069922    1224.324214
21   44623.166016   1313.518148    44572.108984    1265.540367
22   43780.632031   1173.555489    43725.815625    1141.252843
23   42951.373437   1158.283689    42896.675781    1119.311447
24   42411.897266   1183.525989    42356.033203    1160.959673
25   41980.495313   1224.358913    41922.457422    1218.788030
26   41473.342969   1242.614474    41415.621484    1237.993427
27   41063.077734   1130.415058    41001.339063    1138.527631
28   40643.753906   1135.332841    40580.632812    1115.797333
29   40193.264063   1040.436521    40126.836328    1020.259443
..            ...           ...             ...            ...
39   37045.972656    824.026836    36951.962110     823.634434
40   36863.802344    905.970511    36767.566016     899.080604
41   36621.905859    887.512395    36520.466797     885.581305
42   36426.925000    855.760306    36325.607813     846.953930
43   36238.695312    848.265704    36137.795703     830.096964
44   36063.219141    867.677748    35960.599219     850.878027
45   35906.182813    886.383704    35802.879687     876.702276
46   35765.479297    911.882203    35658.613672     895.041515
47   35583.015234    907.124980    35476.460938     897.771655
48   35408.416016    838.280561    35301.300391     828.587073
49   35255.630860    847.487944    35147.592969     837.318597
50   35124.916016    873.162930    35016.300781     856.352478
51   35038.938281    903.326999    34927.698828     892.600964
52   34928.244922    907.157250    34819.034766     906.961808
53   34807.498047    919.175002    34694.974219     921.638146
54   34653.116797    881.036812    34539.078516     880.712384
55   34572.224609    900.848926    34456.909375     902.953971
56   34459.891406    863.800774    34339.544531     856.444221
57   34349.103516    831.693877    34229.576563     819.557260
58   34238.670703    796.216120    34116.338672     778.692425
59   34136.029687    797.031980    34011.184375     777.471060
60   34050.536328    788.358014    33925.265234     768.824585
61   33967.286719    784.557440    33842.731641     754.485783
62   33921.611719    856.188809    33786.139453     808.468737
63   33911.507812    969.396646    33767.617578     913.946745
64   33823.369726    954.701888    33680.726172     900.185377
65   33720.352148    932.846990    33575.078320     876.724523
66   33685.204102    919.395213    33533.861914     849.558457
67   33657.441406    999.312071    33512.762891     963.442074
68   33601.050976    931.279324    33460.236719     899.773366

[69 rows x 4 columns]

 Search parameters (10-fold validation):
 {'gamma': 0.0050000000000000001, 'booster': 'gbtree', 'max_depth': 6, 'eta': 0.1, 'objective': 'reg:linear', 'silent': True, 'subsample': 0.20000000000000001, 'colsample_bytree': 0.40000000000000002, 'min_child_weight': 1.0, 'max_delta_step': 1, 'seed': 101, 'updater': 'grow_gpu'}


 Search parameters (10-fold validation):
 {'gamma': 1.9497816546442146, 'booster': 'gbtree', 'max_depth': 9, 'eta': 0.1, 'objective': 'reg:linear', 'silent': True, 'subsample': 0.62685623638615762, 'colsample_bytree': 0.7339662904165738, 'min_child_weight': 6.3913215115572184, 'max_delta_step': 1, 'seed': 101, 'updater': 'grow_gpu'}
       test-mae-mean  test-mae-std  train-mae-mean  train-mae-std
0      194045.131250    228.640951   194044.540625      25.535166
1      194045.025000    228.641080   194044.437500      25.532902
2      194044.921875    228.639552   194044.337500      25.535166
3      194044.825000    228.637116   194044.234375      25.532902
4      194044.726562    228.638378   194044.135937      25.534283
5      194044.628125    228.637677   194044.042187      25.534283
6      194044.528125    228.644355   194043.937500      25.534611
7      194044.426563    228.642371   194043.837500      25.534507
8      194044.321875    228.640042   194043.734375      25.534611
9      194044.226562    228.640468   194043.639063      25.534199
10     194044.129688    228.640384   194043.543750      25.531016
11     194044.028125    228.640816   194043.435938      25.532401
12     194043.926563    228.642371   194043.335938      25.532121
13     194043.820312    228.640525   194043.231250      25.534691
14     194043.726562    228.640468   194043.135937      25.534209
15     194043.631250    228.638159   194043.040625      25.534775
16     194043.529688    228.636033   194042.939062      25.532679
17     194043.428125    228.640951   194042.835938      25.535731
18     194043.323437    228.639325   194042.734375      25.534879
19     194043.226562    228.640468   194042.639063      25.535102
20     194043.131250    228.638262   194042.542187      25.533942
21     194043.031250    228.638238   194042.437500      25.534974
22     194042.926563    228.639985   194042.339062      25.533942
23     194042.820312    228.641917   194042.234375      25.534974
24     194042.726562    228.641170   194042.137500      25.531016
25     194042.632812    228.640468   194042.043750      25.531016
26     194042.532812    228.637218   194041.939062      25.535995
27     194042.425000    228.636437   194041.839062      25.530535
28     194042.318750    228.640951   194041.732813      25.534130
29     194042.226562    228.637806   194041.634375      25.536573
...              ...           ...             ...            ...
19970  192048.493750    228.638917   192047.907812      25.530080
19971  192048.393750    228.638591   192047.801563      25.533743
19972  192048.293750    228.641444   192047.707813      25.533743
19973  192048.187500    228.641180   192047.601562      25.534294
19974  192048.095312    228.643722   192047.504688      25.533743
19975  192047.993750    228.639917   192047.401562      25.532364
19976  192047.898438    228.637951   192047.307812      25.532364
19977  192047.792187    228.639136   192047.201563      25.532573
19978  192047.689062    228.643386   192047.103125      25.531883
19979  192047.596875    228.638488   192047.007812      25.532839
19980  192047.495312    228.637686   192046.901562      25.533048
19981  192047.396875    228.640370   192046.807812      25.533048
19982  192047.293750    228.642684   192046.707813      25.530973
19983  192047.189062    228.642386   192046.603125      25.532273
19984  192047.098438    228.639796   192046.509375      25.535338
19985  192046.993750    228.639106   192046.406250      25.533807
19986  192046.900000    228.640555   192046.307812      25.533480
19987  192046.793750    228.638652   192046.207813      25.531946
19988  192046.692188    228.641207   192046.101562      25.535903
19989  192046.595312    228.638371   192046.004688      25.533743
19990  192046.493750    228.640853   192045.904688      25.532210
19991  192046.396875    228.643481   192045.807812      25.531318
19992  192046.296875    228.641077   192045.704687      25.535462
19993  192046.190625    228.640241   192045.601562      25.530498
19994  192046.098438    228.640796   192045.507812      25.530888
19995  192045.992188    228.639589   192045.401562      25.533048
19996  192045.896875    228.643031   192045.307812      25.533048
19997  192045.796875    228.637816   192045.207813      25.531042
19998  192045.689062    228.637035   192045.101562      25.532839
19999  192045.598438    228.643160   192045.006250      25.532721

[20000 rows x 4 columns]

 Search parameters (10-fold validation):
 {'gamma': 1.264196376762863, 'booster': 'gbtree', 'max_depth': 8, 'eta': 0.1, 'objective': 'reg:linear', 'silent': True, 'subsample': 0.54873873999950407, 'colsample_bytree': 0.20095188295186139, 'min_child_weight': 9.9119312420210619, 'max_delta_step': 3, 'seed': 101, 'updater': 'grow_gpu'}
       test-mae-mean  test-mae-std  train-mae-mean  train-mae-std
0      194044.921875    228.639552   194044.337500      25.535166
1      194044.628125    228.637677   194044.042187      25.534283
2      194044.321875    228.640042   194043.735937      25.535995
3      194044.029688    228.640035   194043.435938      25.532401
4      194043.728125    228.639048   194043.135937      25.534209
5      194043.429688    228.640170   194042.835938      25.535731
6      194043.131250    228.638262   194042.545313      25.535198
7      194042.821875    228.640498   194042.234375      25.534974
8      194042.534375    228.636437   194041.939062      25.535995
9      194042.226562    228.637806   194041.635937      25.537957
10     194041.929688    228.640170   194041.337500      25.537546
11     194041.631250    228.640951   194041.045313      25.535466
12     194041.325000    228.639748   194040.735937      25.536358
13     194041.029688    228.641427   194040.437500      25.532902
14     194040.728125    228.641023   194040.139063      25.535193
15     194040.431250    228.637933   194039.837500      25.532825
16     194040.131250    228.639198   194039.546875      25.534902
17     194039.823437    228.641242   194039.235937      25.536358
18     194039.529688    228.639303   194038.940625      25.532819
19     194039.228125    228.641023   194038.640625      25.533726
20     194038.929688    228.638520   194038.339062      25.532966
21     194038.634375    228.641023   194038.046875      25.538648
22     194038.321875    228.641726   194037.732813      25.535102
23     194038.032812    228.638103   194037.442188      25.532595
24     194037.729687    228.636606   194037.143750      25.534886
25     194037.431250    228.640725   194036.840625      25.536489
26     194037.134375    228.640087   194036.543750      25.537392
27     194036.828125    228.637644   194036.237500      25.535430
28     194036.531250    228.638616   194035.942188      25.532595
29     194036.229687    228.640306   194035.643750      25.532819
...              ...           ...             ...            ...
19970  188058.496875    228.534758   188057.901562      25.626501
19971  188058.190625    228.534404   188057.596875      25.630382
19972  188057.895313    228.533620   188057.304688      25.628216
19973  188057.592188    228.530573   188057.001562      25.627512
19974  188057.296875    228.532918   188056.700000      25.627252
19975  188057.001562    228.537550   188056.403125      25.626265
19976  188056.695312    228.538134   188056.103125      25.628055
19977  188056.396875    228.533138   188055.803125      25.628850
19978  188056.100000    228.537880   188055.503125      25.625913
19979  188055.795313    228.536999   188055.201563      25.627751
19980  188055.501562    228.534374   188054.906250      25.627156
19981  188055.198437    228.533161   188054.603125      25.631789
19982  188054.900000    228.537652   188054.303125      25.628850
19983  188054.593750    228.535264   188054.006250      25.628850
19984  188054.301563    228.536540   188053.706250      25.628406
19985  188053.998438    228.538002   188053.404688      25.627716
19986  188053.696875    228.537652   188053.104687      25.626755
19987  188053.404688    228.535689   188052.806250      25.626008
19988  188053.100000    228.533138   188052.507812      25.626567
19989  188052.803125    228.535929   188052.206250      25.627601
19990  188052.501562    228.533439   188051.903125      25.624542
19991  188052.198437    228.536235   188051.606250      25.626195
19992  188051.903125    228.536454   188051.310938      25.630104
19993  188051.604687    228.536235   188051.009375      25.627968
19994  188051.304688    228.537878   188050.709375      25.629500
19995  188051.009375    228.533925   188050.409375      25.629054
19996  188050.700000    228.533089   188050.110937      25.631268
19997  188050.403125    228.536454   188049.814062      25.631268
19998  188050.103125    228.536717   188049.509375      25.626990
19999  188049.806250    228.531940   188049.210938      25.629264

[20000 rows x 4 columns]

 Search parameters (10-fold validation):
 {'gamma': 0.9261944127379339, 'booster': 'gbtree', 'max_depth': 8, 'eta': 0.1, 'objective': 'reg:linear', 'silent': True, 'subsample': 0.57690718349840442, 'colsample_bytree': 0.57703930794826741, 'min_child_weight': 9.90592898426201, 'max_delta_step': 4, 'seed': 101, 'updater': 'grow_gpu'}
       test-mae-mean  test-mae-std  train-mae-mean  train-mae-std
0      194044.825000    228.637116   194044.234375      25.532902
1      194044.426563    228.642371   194043.837500      25.534507
2      194044.028125    228.640816   194043.435938      25.532401
3      194043.631250    228.638159   194043.040625      25.534775
4      194043.226562    228.640468   194042.639063      25.535102
5      194042.820312    228.641917   194042.234375      25.534974
6      194042.426563    228.638643   194041.839062      25.530535
7      194042.028125    228.640816   194041.442188      25.532204
8      194041.631250    228.640951   194041.043750      25.534691
9      194041.225000    228.638862   194040.639063      25.534199
10     194040.821875    228.637323   194040.232813      25.531518
11     194040.428125    228.638159   194039.837500      25.532825
12     194040.026562    228.640670   194039.439062      25.536358
13     194039.631250    228.640951   194039.043750      25.535667
14     194039.226562    228.640468   194038.639063      25.534290
15     194038.820312    228.643157   194038.231250      25.536489
16     194038.428125    228.642590   194037.834375      25.537118
17     194038.028125    228.641809   194037.439062      25.533384
18     194037.632812    228.640468   194037.042187      25.533307
19     194037.225000    228.640951   194036.635937      25.537055
20     194036.823437    228.637542   194036.234375      25.535514
21     194036.428125    228.638262   194035.837500      25.530124
22     194036.025000    228.638026   194035.435938      25.537873
23     194035.629688    228.638643   194035.039062      25.533390
24     194035.228125    228.641023   194034.637500      25.531016
25     194034.821875    228.640687   194034.237500      25.533160
26     194034.426563    228.639985   194033.839062      25.537957
27     194034.026562    228.641653   194033.437500      25.533244
28     194033.632812    228.640468   194033.045313      25.534199
29     194033.228125    228.641023   194032.639063      25.533468
...              ...           ...             ...            ...
19970  186058.818750    228.624735   186058.226562      25.544465
19971  186058.410938    228.627177   186057.825000      25.547399
19972  186058.006250    228.624735   186057.420313      25.545472
19973  186057.610937    228.627340   186057.020313      25.546818
19974  186057.215625    228.627978   186056.625000      25.545219
19975  186056.821875    228.624806   186056.228125      25.543803
19976  186056.412500    228.624735   186055.820312      25.546372
19977  186056.007812    228.624252   186055.423437      25.548695
19978  186055.612500    228.625239   186055.028125      25.545696
19979  186055.215625    228.627145   186054.623438      25.541795
19980  186054.815625    228.626277   186054.226562      25.546093
19981  186054.417187    228.625141   186053.823437      25.544309
19982  186054.012500    228.627347   186053.420313      25.541968
19983  186053.610937    228.628086   186053.023438      25.543320
19984  186053.217188    228.627902   186052.621875      25.545081
19985  186052.818750    228.625013   186052.229687      25.541535
19986  186052.412500    228.625716   186051.825000      25.544166
19987  186052.009375    228.628009   186051.425000      25.546404
19988  186051.612500    228.622955   186051.025000      25.543895
19989  186051.212500    228.624806   186050.628125      25.545409
19990  186050.820312    228.628024   186050.229687      25.544216
19991  186050.414062    228.626682   186049.828125      25.545513
19992  186050.010937    228.622073   186049.421875      25.546586
19993  186049.610937    228.629087   186049.021875      25.545611
19994  186049.215625    228.625696   186048.628125      25.542652
19995  186048.818750    228.628806   186048.228125      25.545783
19996  186048.415625    228.627541   186047.826563      25.548877
19997  186048.018750    228.625942   186047.429688      25.546093
19998  186047.615625    228.627470   186047.023438      25.544372
19999  186047.217188    228.627902   186046.628125      25.545409

[20000 rows x 4 columns]

 Search parameters (10-fold validation):
 {'gamma': 1.4670948718520374, 'booster': 'gbtree', 'max_depth': 14, 'eta': 0.1, 'objective': 'reg:linear', 'silent': True, 'subsample': 0.60397757333195534, 'colsample_bytree': 0.41522628978959991, 'min_child_weight': 1.1962716462134853, 'max_delta_step': 0, 'seed': 101, 'updater': 'grow_gpu'}
    test-mae-mean  test-mae-std  train-mae-mean  train-mae-std
0   174897.290625    222.199573   174889.514063      64.729779
1   157540.557812    206.104786   157531.725000      65.243445
2   141990.398438    230.536358   141967.512500     123.383652
3   127983.045312    219.598011   127943.553906     105.035282
4   115469.246875    212.741924   115398.429688      91.897036
5   104305.273438    195.060107   104171.494531     100.948248
6    94416.782031    198.300044    94191.592969     128.860795
7    85687.060937    234.153456    85346.235937     177.002871
8    78000.261719    265.917628    77522.043750     215.678579
9    71305.007031    351.055441    70682.970312     298.899056
10   65419.726562    438.147743    64642.651562     394.166522
11   60328.485938    549.736729    59386.158203     494.395282
12   55899.835547    589.163232    54797.661328     554.617621
13   52099.747266    778.294311    50834.384375     771.724383
14   48869.525000    990.810346    47410.760156     979.817291
15   46055.143750   1136.031778    44420.644922    1139.473749
16   43464.917578   1054.644651    41648.383594    1067.565671
17   41337.696094   1200.693716    39343.982812    1219.163903
18   39577.537110   1111.446730    37401.178516    1136.665436
19   37959.507422   1019.941797    35611.875391    1045.523557
20   36509.182031    991.392637    33986.223047    1003.622672
21   35436.152734   1070.105483    32759.184375    1109.646182
22   34477.866016   1183.734430    31645.156836    1223.707197
23   33577.223828   1020.675237    30595.625391    1024.393015
24   32764.763281    959.950526    29639.689063     956.430137
25   32162.484766   1004.694338    28912.443359    1003.763186
26   31657.783984   1017.264853    28287.625586    1021.462680
27   31235.456445   1081.176083    27756.760938    1115.403065
28   30891.554297   1016.272223    27303.193555    1037.355820
29   30554.136133   1059.264691    26851.731641    1098.612822
30   30313.191602   1017.822587    26519.638477    1040.958649
31   30032.662891   1041.340674    26135.076758    1057.799473
32   29730.276953    948.168719    25746.543164     958.908496
33   29461.090820    948.270613    25390.363086     957.236729
34   29233.413672    990.289306    25070.956836     994.827790
35   29123.559375   1061.471961    24892.102539    1065.952140
36   28914.922852   1040.249942    24594.559375    1040.137947
37   28788.858789   1046.970948    24407.695703    1046.213706
38   28645.744922   1000.711011    24199.971094     999.035499
39   28686.619922   1009.094590    24194.473242    1052.731255
40   28660.707617   1156.822358    24115.703711    1217.110371
41   28556.254102   1160.989139    23944.917578    1247.484517
42   28494.027344   1156.182527    23821.708789    1226.016255
43   28378.023047   1124.236321    23650.872656    1198.416539
44   28470.690430   1419.402399    23687.991992    1474.081614
45   28350.343555   1388.480205    23515.681055    1433.093130
46   28358.604492   1615.152300    23518.849414    1751.818747
47   28306.816601   1611.292382    23423.754492    1725.205798
48   28243.171484   1648.034141    23304.431836    1730.062108

 Search parameters (10-fold validation):
 {'gamma': 1.8337305480384534, 'booster': 'gbtree', 'max_depth': 6, 'eta': 0.1, 'objective': 'reg:linear', 'silent': True, 'subsample': 0.8065020475631568, 'colsample_bytree': 0.56983050678000113, 'min_child_weight': 4.3094049172859812, 'max_delta_step': 0, 'seed': 101, 'updater': 'grow_gpu'}
     test-mae-mean  test-mae-std  train-mae-mean  train-mae-std
0    174645.629688    211.988317   174644.890625      24.869012
1    157193.715625    199.458872   157185.992188      27.280479
2    141497.406250    178.469822   141488.507812      23.453492
3    127430.064062    160.185110   127421.463281      28.489938
4    114913.639063    152.823847   114901.643750      33.087240
5    103874.080469    169.777648   103862.710938      91.298170
6     94201.368750    182.148978    94183.835156     147.833434
7     85751.156250    178.030459    85722.440625     153.806086
8     78383.278906    203.033922    78354.464063     170.828309
9     71987.081250    263.144522    71953.246094     232.213128
10    66429.207031    305.453482    66390.725000     261.033251
11    61659.286719    367.959135    61614.589453     333.042604
12    57477.900391    415.228855    57426.800000     378.176412
13    53930.090234    462.630998    53869.397656     414.464334
14    50953.707422    514.833966    50875.372656     459.330402
15    48364.347266    562.340514    48278.674609     505.671428
16    46124.211328    477.943513    46032.261328     427.655755
17    44269.575781    555.601396    44169.685156     514.684417
18    42666.215625    605.381244    42563.264453     578.584191
19    41343.793359    677.971868    41228.176953     632.056566
20    40187.064453    732.687644    40066.368359     694.474072
21    39158.361328    667.022168    39026.429687     625.637882
22    38317.949219    569.573534    38178.161328     537.281013
23    37650.643359    626.214368    37503.624609     612.256707
24    37038.777734    573.511739    36892.477344     577.356853
25    36472.755078    521.487035    36320.457422     522.504957
26    35967.897656    525.242936    35807.139453     532.353988
27    35515.604688    432.097849    35347.296094     433.004582
28    35146.308984    486.035610    34977.651563     479.844828
29    34807.339062    503.282229    34633.748437     489.961790
..             ...           ...             ...            ...
140   29239.669141    293.383027    28770.314844     279.843045
141   29237.124609    305.377284    28766.295898     301.644633
142   29214.572265    301.710237    28743.166406     297.902970
143   29191.587891    301.893096    28716.730469     297.144694
144   29189.751172    299.768627    28714.611524     295.758867
145   29168.926953    289.485180    28692.412695     286.001645
146   29146.319922    287.436346    28667.161133     282.797089
147   29131.344922    285.652315    28650.224023     278.557666
148   29113.961523    280.264219    28630.202149     272.332246
149   29096.595117    278.577537    28613.673438     273.552419
150   29085.549414    276.011876    28599.612110     269.507225
151   29102.905078    254.234479    28610.022070     249.192799
152   29087.896680    253.636679    28592.207813     246.939492
153   29068.562500    252.096663    28571.088476     247.018716
154   29054.975586    253.905302    28556.117188     247.728491
155   29035.888672    252.367190    28534.848242     250.620465
156   29024.130859    252.504784    28521.746875     247.503657
157   29006.672461    254.630735    28502.353125     247.086233
158   29006.653711    264.238265    28501.332422     266.143263
159   28995.581836    261.069518    28487.522461     262.318633
160   28976.606640    263.081104    28466.494727     261.650624
161   28961.500977    256.356736    28449.330273     254.100180
162   28948.532031    252.073557    28433.811133     249.098053
163   28939.927930    250.982347    28424.091797     250.167062
164   28928.952344    248.809596    28410.793359     247.808041
165   28938.897266    246.357781    28419.625977     237.832287
166   28926.787305    244.118252    28406.481641     235.211682
167   28930.364453    235.785794    28413.718750     224.807671
168   28914.896484    229.275246    28395.863867     221.271213
169   28897.280078    230.836385    28375.831836     224.185111

[170 rows x 4 columns]

 Search parameters (10-fold validation):
 {'gamma': 1.894747428353682, 'booster': 'gbtree', 'max_depth': 4, 'eta': 0.1, 'objective': 'reg:linear', 'silent': True, 'subsample': 1.0, 'colsample_bytree': 0.43096096966105996, 'min_child_weight': 1.2633245739271666, 'max_delta_step': 0, 'seed': 101, 'updater': 'grow_gpu'}
     test-mae-mean  test-mae-std  train-mae-mean  train-mae-std
0    174640.964062    215.430384   174641.348438      22.997706
1    157174.293750    213.470056   157171.414062      24.612004
2    141474.546875    203.155532   141475.026562      20.511537
3    127434.162500    189.546605   127430.036719      19.677645
4    115021.950000    165.091401   115020.610156      27.969102
5    104216.753906    160.630465   104212.089063      58.893842
6     94843.960156    147.893552    94843.364062      78.872944
7     86880.391406    126.385304    86870.901563     146.406378
8     79955.157813    151.658973    79942.705469     164.759503
9     73973.604688    224.792747    73959.502344     195.163359
10    68884.339844    310.630835    68866.817969     304.918626
11    64602.235156    405.679848    64586.922656     426.237807
12    61085.535547    450.686982    61070.194141     492.224539
13    57928.128125    533.322019    57909.965625     568.883269
14    55249.727734    475.680469    55219.045703     507.506870
15    53065.261328    494.281809    53034.114453     511.775021
16    51087.365234    496.463649    51054.804297     518.728636
17    49657.785937    970.706744    49591.036719     878.373190
18    48338.943750   1022.877270    48279.377734     926.785136
19    47246.117578   1015.444516    47186.695703     916.815624
20    46141.000390    927.950908    46080.307422     842.097539
21    45138.986328    889.175546    45073.592188     786.113687
22    44402.246094    944.164783    44337.266015     823.939427
23    43704.276563    981.772738    43636.700781     858.047717
24    43122.591406   1064.008202    43058.599219     940.967147
25    42554.640625    888.790685    42489.140234     784.876385
26    42175.471094    860.441180    42107.694141     751.731063
27    41824.945703    928.938088    41761.255078     832.588463
28    41404.945313    920.394968    41343.833594     836.382680
29    40936.980078    933.615578    40877.085937     836.499580
..             ...           ...             ...            ...
79    35744.358203   1703.274033    35613.253125    1650.723686
80    36077.864062   1787.315415    35925.682422    1742.937365
81    35928.562109   1705.644103    35778.379688    1663.485655
82    35980.309375   1641.931956    35845.139844    1588.523613
83    35886.982031   1610.210298    35752.083203    1557.367828
84    35777.206250   1556.557325    35641.376172    1505.190909
85    35718.601563   1492.906880    35582.205078    1448.257299
86    35746.612891   1439.935128    35600.810937    1396.231495
87    35614.978515   1363.750606    35471.833985    1321.093592
88    35575.506641   1361.503167    35428.495703    1319.211118
89    35494.615625   1347.149503    35347.050000    1304.336695
90    35410.709765   1325.848444    35263.719531    1278.746582
91    35348.723047   1316.432710    35203.144141    1266.136223
92    35258.733594   1278.415301    35117.355078    1233.330883
93    35201.952734   1261.303496    35058.586328    1213.383515
94    35120.307813   1232.473639    34979.002734    1180.161317
95    35020.103515   1192.991294    34881.831250    1137.927721
96    35164.069531   1195.047751    35007.409766    1126.956744
97    35110.347266   1176.413814    34952.116406    1108.188547
98    35045.038281   1176.289814    34882.761328    1102.188647
99    34982.045703   1153.866574    34818.906250    1080.927960
100   34896.779297   1136.893907    34733.392578    1062.732599
101   34817.192578   1098.479943    34656.687890    1022.231129
102   34759.344141   1072.182977    34605.496484     987.854845
103   34707.509766   1064.271919    34554.466016     980.779659
104   34627.259766   1037.451168    34476.361328     951.397915
105   34574.866015   1010.284432    34429.448438     922.281870
106   34646.488672   1161.304400    34508.130859    1082.934529
107   34593.251172   1139.907170    34453.021875    1062.606063
108   34513.755469   1125.638765    34374.637891    1049.548104

[109 rows x 4 columns]

 Search parameters (10-fold validation):
 {'gamma': 0.0001, 'booster': 'gbtree', 'max_depth': 15, 'eta': 0.1, 'objective': 'reg:linear', 'silent': True, 'subsample': 1.0, 'colsample_bytree': 0.20000000000000001, 'min_child_weight': 1.0, 'max_delta_step': 0, 'seed': 101, 'updater': 'grow_gpu'}
    test-mae-mean  test-mae-std  train-mae-mean  train-mae-std
0   174679.700000    214.658263   174677.782812      22.847795
1   157276.864063    211.927582   157279.179688      66.164571
2   141622.445312    221.128992   141620.707813      87.633591
3   127651.124219    228.081708   127631.155469     213.066185
4   115251.367188    209.848343   115206.951563     167.060695
5   104432.721875    237.726549   104342.686719     197.113259
6    99073.785937  11917.626996    98890.292969   11918.003204
7    90658.689062  11031.637657    90349.229687   10998.156543
8    83497.418750  10227.392755    83067.879687   10181.325978
9    77408.210156  10169.776770    76788.272656   10002.621347
10   72148.636719  10167.409279    71359.334375    9977.306535
11   67873.254687  10325.602720    66874.293359    9965.435710
12   64297.519922  11077.969136    63119.718359   10726.477497
13   61246.218750  11168.745501    59901.067187   10864.285328
14   58734.435938  11452.218953    57168.809375   10952.127876
15   56395.264844  11624.024831    54547.921094   10909.288238
16   54494.170703  11821.080018    52476.063672   11055.403323
17   53058.401563  12267.094402    50894.045312   11535.815917
18   51650.996484  12786.049559    49316.319922   12030.147851
19   50535.548047  12904.756524    48006.053515   12032.545778
20   49636.318750  13134.321673    46950.953906   12307.714936
21   49002.216797  13873.837323    46168.403516   13081.904527
22   48319.691797  13856.251614    45256.154687   12817.446710
23   48144.363672  14866.903255    45026.414062   13892.002212
24   47374.101172  15046.243119    44021.435937   13986.324665
25   47571.033984  16958.815662    44009.981641   15651.657193
26   47091.204688  16932.208643    43337.034766   15394.789511
27   46671.411328  17169.870193    42833.073438   15661.945590
28   46338.060937  17323.426040    42347.228906   15630.480566
29   46032.833594  17474.570326    41945.669336   15815.501999
30   45753.135938  17686.748413    41593.420312   16041.290700
31   45449.362890  17803.142572    41138.092578   16089.602403

 Search parameters (10-fold validation):
 {'gamma': 1.8811195477422691, 'booster': 'gbtree', 'max_depth': 5, 'eta': 0.1, 'objective': 'reg:linear', 'silent': True, 'subsample': 0.85541829653284662, 'colsample_bytree': 0.53752299949071036, 'min_child_weight': 3.5262345444210403, 'max_delta_step': 0, 'seed': 101, 'updater': 'grow_gpu'}
     test-mae-mean  test-mae-std  train-mae-mean  train-mae-std
0    174636.726562    214.164096   174638.493750      24.236042
1    157187.228125    205.600167   157182.092188      28.954647
2    141480.782812    197.084545   141481.045313      25.924182
3    127414.766406    170.115887   127412.660156      27.507294
4    114951.317187    136.083603   114946.160938      40.281460
5    104046.682031    110.409734   104037.563281      94.987500
6     94526.251562    144.552326    94525.056250     128.027619
7     86299.214063    188.353694    86294.264062     192.013619
8     79088.150000    153.136891    79085.386719     186.991617
9     72856.907813    149.336527    72848.382031     199.998246
10    67494.325000    186.259194    67481.117188     246.437214
11    62903.105469    196.167290    62886.768359     241.353618
12    58984.928125    241.579718    58960.532812     288.179357
13    55674.544531    403.477319    55642.538281     452.710726
14    52756.228906    435.511376    52717.145703     479.782550
15    50294.457031    499.434173    50250.185937     534.211113
16    48144.326563    490.438422    48098.388281     515.590427
17    46498.486328    563.038528    46450.929297     571.444883
18    44983.420703    575.688354    44934.373437     571.229264
19    43739.689063    592.726489    43682.649219     575.245362
20    42627.499219    634.384367    42574.603125     627.369395
21    41710.838281    743.006181    41656.792188     746.045043
22    40958.391797    808.986940    40900.184375     815.726273
23    40265.130469    627.569169    40204.066406     633.716439
24    39584.600781    570.917109    39519.441016     583.816548
25    39063.275000    552.353543    38991.743360     571.775591
26    38728.665234    712.802777    38659.262500     684.038133
27    38250.048047    730.740760    38176.389844     691.639439
28    37846.602344    760.186116    37771.116406     720.966872
29    37475.255859    761.562303    37392.400000     722.576391
..             ...           ...             ...            ...
301   29472.949609    357.769207    29026.108594     354.570699
302   29458.585352    341.461983    29010.146094     339.314726
303   29441.768555    327.855448    28991.635937     325.747816
304   29441.267969    308.973364    28992.295117     310.698591
305   29455.584180    318.935316    29004.175586     301.316984
306   29441.561133    307.706974    28989.040234     288.556381
307   29452.852539    322.218446    28998.303320     298.922546
308   29457.110938    295.684224    29007.314453     246.925420
309   29475.430664    287.986206    29027.191797     242.228518
310   29459.583398    276.877504    29011.827930     229.775891
311   29443.960742    269.325595    28994.279102     223.725564
312   29433.054297    266.144887    28981.456445     223.504158
313   29430.303711    270.311971    28976.302930     225.269243
314   29415.082031    267.109064    28959.415430     225.068972
315   29399.498633    262.025084    28941.840625     222.760917
316   29402.343555    262.552546    28942.742188     225.920473
317   29389.993359    258.682701    28928.095117     221.987700
318   29379.889062    259.285391    28916.867578     222.549948
319   29361.302735    254.385212    28896.812500     217.677699
320   29406.322461    336.509028    28939.777148     297.239686
321   29391.037891    323.284164    28923.537891     285.612525
322   29396.000195    317.273699    28930.481836     285.708495
323   29384.950195    306.499398    28916.955469     274.938921
324   29380.279297    307.894760    28910.303906     277.589465
325   29376.310547    294.520684    28904.130273     264.328974
326   29367.702930    292.972291    28893.772852     263.965678
327   29352.539062    284.552059    28877.385937     256.973015
328   29336.532813    278.114429    28859.902148     250.840859
329   29327.352149    275.136938    28849.036719     247.916649
330   29317.787109    275.325159    28838.099609     247.896902

[331 rows x 4 columns]

 Search parameters (10-fold validation):
 {'gamma': 2.0, 'booster': 'gbtree', 'max_depth': 15, 'eta': 0.1, 'objective': 'reg:linear', 'silent': True, 'subsample': 0.20000000000000001, 'colsample_bytree': 1.0, 'min_child_weight': 1.0, 'max_delta_step': 5, 'seed': 101, 'updater': 'grow_gpu'}
